Grammar

    0 $accept: x $end

    1 x: ZERO x ZERO
    2  | ONE x ONE
    3  | EPSILON


Terminals, with rules where they appear

$end (0) 0
error (256)
ONE (258) 2
ZERO (259) 1
EPSILON (260) 3


Nonterminals, with rules where they appear

$accept (6)
    on left: 0
x (7)
    on left: 1 2 3, on right: 0 1 2


state 0

    0 $accept: . x $end

    ONE      shift, and go to state 1
    ZERO     shift, and go to state 2
    EPSILON  shift, and go to state 3

    x  go to state 4


state 1

    2 x: ONE . x ONE

    ONE      shift, and go to state 1
    ZERO     shift, and go to state 2
    EPSILON  shift, and go to state 3

    x  go to state 5


state 2

    1 x: ZERO . x ZERO

    ONE      shift, and go to state 1
    ZERO     shift, and go to state 2
    EPSILON  shift, and go to state 3

    x  go to state 6


state 3

    3 x: EPSILON .

    $default  reduce using rule 3 (x)


state 4

    0 $accept: x . $end

    $end  shift, and go to state 7


state 5

    2 x: ONE x . ONE

    ONE  shift, and go to state 8


state 6

    1 x: ZERO x . ZERO

    ZERO  shift, and go to state 9


state 7

    0 $accept: x $end .

    $default  accept


state 8

    2 x: ONE x ONE .

    $default  reduce using rule 2 (x)


state 9

    1 x: ZERO x ZERO .

    $default  reduce using rule 1 (x)
